<?xml version="1.0" encoding="UTF-8"?>
<!-- Generated by org.testng.reporters.JUnitReportReporter -->
<testsuite hostname="DESKTOP-S65ODJE" failures="0" tests="1" name="NewTest" time="0.350" errors="0" timestamp="2020-07-30T16:45:25 ICT" skipped="0">
  <testcase classname="NewTest" name="verifyHomepageTitle" time="0.350"/>
  <system-out/>
</testsuite> <!-- NewTest -->
