<?xml version="1.0" encoding="UTF-8"?>
<!-- Generated by org.testng.reporters.JUnitReportReporter -->
<testsuite hostname="DESKTOP-S65ODJE" failures="0" tests="1" name="NewTest" time="0.399" errors="0" timestamp="2020-07-25T14:45:46 ICT" skipped="0">
  <testcase classname="NewTest" name="verifyHomepageTitle" time="0.399"/>
  <system-out/>
</testsuite> <!-- NewTest -->
